{"/Users/therebelrobot/git/opensource/typicode-json-server/src/index.js":{"path":"/Users/therebelrobot/git/opensource/typicode-json-server/src/index.js","s":{"1":1,"2":1,"3":29,"4":29,"5":29},"b":{},"f":{"1":29},"fnMap":{"1":{"name":"(anonymous_1)","line":4,"loc":{"start":{"line":4,"column":10},"end":{"line":4,"column":22}}}},"statementMap":{"1":{"start":{"line":1,"column":0},"end":{"line":1,"column":32}},"2":{"start":{"line":3,"column":0},"end":{"line":11,"column":1}},"3":{"start":{"line":5,"column":4},"end":{"line":5,"column":26}},"4":{"start":{"line":6,"column":4},"end":{"line":6,"column":32}},"5":{"start":{"line":7,"column":4},"end":{"line":7,"column":17}}},"branchMap":{}},"/Users/therebelrobot/git/opensource/typicode-json-server/src/defaults.js":{"path":"/Users/therebelrobot/git/opensource/typicode-json-server/src/defaults.js","s":{"1":1,"2":1,"3":1,"4":1,"5":1,"6":1,"7":1,"8":28,"9":1,"10":0,"11":1,"12":1,"13":1,"14":0,"15":1},"b":{"1":[0,1],"2":[0,1]},"f":{"1":28},"fnMap":{"1":{"name":"(anonymous_1)","line":11,"loc":{"start":{"line":11,"column":8},"end":{"line":11,"column":27}}}},"statementMap":{"1":{"start":{"line":1,"column":0},"end":{"line":1,"column":22}},"2":{"start":{"line":2,"column":0},"end":{"line":2,"column":32}},"3":{"start":{"line":3,"column":0},"end":{"line":3,"column":30}},"4":{"start":{"line":4,"column":0},"end":{"line":4,"column":26}},"5":{"start":{"line":5,"column":0},"end":{"line":5,"column":42}},"6":{"start":{"line":7,"column":0},"end":{"line":7,"column":12}},"7":{"start":{"line":10,"column":0},"end":{"line":12,"column":3}},"8":{"start":{"line":11,"column":29},"end":{"line":11,"column":64}},"9":{"start":{"line":15,"column":0},"end":{"line":19,"column":1}},"10":{"start":{"line":16,"column":2},"end":{"line":16,"column":54}},"11":{"start":{"line":18,"column":2},"end":{"line":18,"column":50}},"12":{"start":{"line":22,"column":0},"end":{"line":22,"column":51}},"13":{"start":{"line":24,"column":0},"end":{"line":27,"column":1}},"14":{"start":{"line":26,"column":2},"end":{"line":26,"column":26}},"15":{"start":{"line":29,"column":0},"end":{"line":29,"column":20}}},"branchMap":{"1":{"line":15,"type":"if","locations":[{"start":{"line":15,"column":0},"end":{"line":15,"column":0}},{"start":{"line":15,"column":0},"end":{"line":15,"column":0}}]},"2":{"line":24,"type":"if","locations":[{"start":{"line":24,"column":0},"end":{"line":24,"column":0}},{"start":{"line":24,"column":0},"end":{"line":24,"column":0}}]}}},"/Users/therebelrobot/git/opensource/typicode-json-server/src/router.js":{"path":"/Users/therebelrobot/git/opensource/typicode-json-server/src/router.js","s":{"1":1,"2":1,"3":1,"4":1,"5":1,"6":1,"7":1,"8":1,"9":1,"10":1,"11":29,"12":29,"13":29,"14":29,"15":29,"16":29,"17":29,"18":0,"19":29,"20":1,"21":1,"22":1,"23":25,"24":1,"25":24,"26":24,"27":24,"28":24,"29":24,"30":24,"31":24,"32":24,"33":24,"34":24,"35":24,"36":24,"37":24,"38":24,"39":24,"40":12,"41":12,"42":12,"43":12,"44":12,"45":10,"46":10,"47":4,"48":4,"49":4,"50":1,"51":3,"52":4,"53":6,"54":2,"55":2,"56":1,"57":2,"58":12,"59":4,"60":2,"61":2,"62":2,"63":2,"64":4,"65":4,"66":4,"67":2,"68":2,"69":24,"70":10,"71":10,"72":9,"73":10,"74":1,"75":24,"76":4,"77":4,"78":24,"79":1,"80":17,"81":2,"82":2,"83":6,"84":12,"85":12,"86":2,"87":2,"88":15,"89":7,"90":8,"91":15,"92":15,"93":4,"94":15,"95":14,"96":1,"97":1,"98":16,"99":3,"100":3,"101":8,"102":3,"103":2,"104":16,"105":3,"106":3,"107":16,"108":16,"109":2,"110":14,"111":1,"112":16,"113":1,"114":2,"115":5,"116":2,"117":2,"118":1,"119":4,"120":10,"121":4,"122":4,"123":2,"124":2,"125":1,"126":1,"127":1,"128":1,"129":3,"130":1,"131":29,"132":29,"133":29},"b":{"1":[29,0],"2":[1,24],"3":[12,12],"4":[4,6],"5":[1,3],"6":[2,4],"7":[1,1],"8":[4,8],"9":[2,2],"10":[2,2],"11":[10,14],"12":[9,1],"13":[1,9],"14":[4,0],"15":[4,4],"16":[2,15],"17":[2,10],"18":[12,6],"19":[7,8],"20":[15,8],"21":[15,0],"22":[4,11],"23":[15,5],"24":[14,1],"25":[3,13],"26":[3,1],"27":[2,1],"28":[3,13],"29":[16,14],"30":[16,14],"31":[2,14],"32":[1,13],"33":[2,2]},"f":{"1":29,"2":1,"3":25,"4":10,"5":17,"6":6,"7":16,"8":8,"9":2,"10":4,"11":1,"12":3},"fnMap":{"1":{"name":"(anonymous_1)","line":14,"loc":{"start":{"line":14,"column":17},"end":{"line":14,"column":35}}},"2":{"name":"showDatabase","line":40,"loc":{"start":{"line":40,"column":2},"end":{"line":40,"column":40}}},"3":{"name":"parse","line":53,"loc":{"start":{"line":53,"column":2},"end":{"line":53,"column":33}}},"4":{"name":"(anonymous_4)","line":90,"loc":{"start":{"line":90,"column":44},"end":{"line":90,"column":68}}},"5":{"name":"find","line":154,"loc":{"start":{"line":154,"column":2},"end":{"line":154,"column":32}}},"6":{"name":"(anonymous_6)","line":159,"loc":{"start":{"line":159,"column":62},"end":{"line":159,"column":77}}},"7":{"name":"present","line":186,"loc":{"start":{"line":186,"column":2},"end":{"line":186,"column":35}}},"8":{"name":"(anonymous_8)","line":191,"loc":{"start":{"line":191,"column":64},"end":{"line":191,"column":83}}},"9":{"name":"create","line":216,"loc":{"start":{"line":216,"column":2},"end":{"line":216,"column":34}}},"10":{"name":"update","line":227,"loc":{"start":{"line":227,"column":2},"end":{"line":227,"column":34}}},"11":{"name":"destroy","line":241,"loc":{"start":{"line":241,"column":2},"end":{"line":241,"column":35}}},"12":{"name":"(anonymous_12)","line":246,"loc":{"start":{"line":246,"column":22},"end":{"line":246,"column":38}}}},"statementMap":{"1":{"start":{"line":1,"column":0},"end":{"line":1,"column":32}},"2":{"start":{"line":2,"column":0},"end":{"line":2,"column":47}},"3":{"start":{"line":3,"column":0},"end":{"line":3,"column":39}},"4":{"start":{"line":4,"column":0},"end":{"line":4,"column":29}},"5":{"start":{"line":5,"column":0},"end":{"line":5,"column":26}},"6":{"start":{"line":6,"column":0},"end":{"line":6,"column":30}},"7":{"start":{"line":8,"column":0},"end":{"line":8,"column":35}},"8":{"start":{"line":9,"column":0},"end":{"line":9,"column":44}},"9":{"start":{"line":10,"column":0},"end":{"line":12,"column":2}},"10":{"start":{"line":14,"column":0},"end":{"line":263,"column":1}},"11":{"start":{"line":17,"column":2},"end":{"line":17,"column":31}},"12":{"start":{"line":20,"column":2},"end":{"line":22,"column":5}},"13":{"start":{"line":23,"column":2},"end":{"line":25,"column":5}},"14":{"start":{"line":26,"column":2},"end":{"line":26,"column":30}},"15":{"start":{"line":29,"column":2},"end":{"line":34,"column":3}},"16":{"start":{"line":30,"column":4},"end":{"line":30,"column":18}},"17":{"start":{"line":31,"column":4},"end":{"line":31,"column":22}},"18":{"start":{"line":33,"column":4},"end":{"line":33,"column":24}},"19":{"start":{"line":37,"column":2},"end":{"line":37,"column":16}},"20":{"start":{"line":40,"column":2},"end":{"line":42,"column":3}},"21":{"start":{"line":41,"column":4},"end":{"line":41,"column":24}},"22":{"start":{"line":53,"column":2},"end":{"line":151,"column":3}},"23":{"start":{"line":57,"column":4},"end":{"line":59,"column":5}},"24":{"start":{"line":58,"column":6},"end":{"line":58,"column":32}},"25":{"start":{"line":62,"column":4},"end":{"line":62,"column":22}},"26":{"start":{"line":65,"column":4},"end":{"line":65,"column":30}},"27":{"start":{"line":68,"column":4},"end":{"line":68,"column":13}},"28":{"start":{"line":72,"column":4},"end":{"line":72,"column":43}},"29":{"start":{"line":73,"column":4},"end":{"line":73,"column":39}},"30":{"start":{"line":74,"column":4},"end":{"line":74,"column":41}},"31":{"start":{"line":75,"column":4},"end":{"line":75,"column":43}},"32":{"start":{"line":76,"column":4},"end":{"line":76,"column":43}},"33":{"start":{"line":77,"column":4},"end":{"line":77,"column":27}},"34":{"start":{"line":78,"column":4},"end":{"line":78,"column":25}},"35":{"start":{"line":79,"column":4},"end":{"line":79,"column":26}},"36":{"start":{"line":80,"column":4},"end":{"line":80,"column":27}},"37":{"start":{"line":81,"column":4},"end":{"line":81,"column":27}},"38":{"start":{"line":84,"column":4},"end":{"line":84,"column":35}},"39":{"start":{"line":85,"column":4},"end":{"line":129,"column":5}},"40":{"start":{"line":86,"column":6},"end":{"line":86,"column":61}},"41":{"start":{"line":87,"column":6},"end":{"line":87,"column":40}},"42":{"start":{"line":88,"column":6},"end":{"line":88,"column":39}},"43":{"start":{"line":89,"column":6},"end":{"line":89,"column":67}},"44":{"start":{"line":90,"column":6},"end":{"line":108,"column":8}},"45":{"start":{"line":91,"column":8},"end":{"line":91,"column":20}},"46":{"start":{"line":92,"column":8},"end":{"line":107,"column":9}},"47":{"start":{"line":93,"column":10},"end":{"line":93,"column":24}},"48":{"start":{"line":94,"column":10},"end":{"line":94,"column":62}},"49":{"start":{"line":95,"column":10},"end":{"line":99,"column":11}},"50":{"start":{"line":96,"column":12},"end":{"line":96,"column":114}},"51":{"start":{"line":98,"column":12},"end":{"line":98,"column":83}},"52":{"start":{"line":100,"column":10},"end":{"line":100,"column":48}},"53":{"start":{"line":101,"column":15},"end":{"line":107,"column":9}},"54":{"start":{"line":102,"column":10},"end":{"line":102,"column":30}},"55":{"start":{"line":103,"column":10},"end":{"line":105,"column":11}},"56":{"start":{"line":104,"column":12},"end":{"line":104,"column":114}},"57":{"start":{"line":106,"column":10},"end":{"line":106,"column":48}},"58":{"start":{"line":109,"column":6},"end":{"line":128,"column":7}},"59":{"start":{"line":112,"column":8},"end":{"line":118,"column":9}},"60":{"start":{"line":113,"column":10},"end":{"line":113,"column":52}},"61":{"start":{"line":114,"column":10},"end":{"line":114,"column":59}},"62":{"start":{"line":116,"column":10},"end":{"line":116,"column":111}},"63":{"start":{"line":117,"column":10},"end":{"line":117,"column":107}},"64":{"start":{"line":119,"column":8},"end":{"line":119,"column":97}},"65":{"start":{"line":122,"column":8},"end":{"line":122,"column":108}},"66":{"start":{"line":123,"column":8},"end":{"line":127,"column":9}},"67":{"start":{"line":124,"column":10},"end":{"line":124,"column":109}},"68":{"start":{"line":126,"column":10},"end":{"line":126,"column":41}},"69":{"start":{"line":130,"column":4},"end":{"line":138,"column":5}},"70":{"start":{"line":131,"column":6},"end":{"line":131,"column":58}},"71":{"start":{"line":132,"column":6},"end":{"line":134,"column":7}},"72":{"start":{"line":133,"column":8},"end":{"line":133,"column":39}},"73":{"start":{"line":135,"column":6},"end":{"line":137,"column":7}},"74":{"start":{"line":136,"column":8},"end":{"line":136,"column":59}},"75":{"start":{"line":142,"column":4},"end":{"line":149,"column":5}},"76":{"start":{"line":146,"column":6},"end":{"line":148,"column":7}},"77":{"start":{"line":147,"column":8},"end":{"line":147,"column":67}},"78":{"start":{"line":150,"column":4},"end":{"line":150,"column":10}},"79":{"start":{"line":154,"column":2},"end":{"line":183,"column":3}},"80":{"start":{"line":155,"column":4},"end":{"line":168,"column":5}},"81":{"start":{"line":158,"column":6},"end":{"line":158,"column":39}},"82":{"start":{"line":159,"column":6},"end":{"line":166,"column":8}},"83":{"start":{"line":160,"column":8},"end":{"line":165,"column":9}},"84":{"start":{"line":161,"column":10},"end":{"line":161,"column":30}},"85":{"start":{"line":162,"column":10},"end":{"line":164,"column":11}},"86":{"start":{"line":163,"column":12},"end":{"line":163,"column":23}},"87":{"start":{"line":167,"column":6},"end":{"line":167,"column":19}},"88":{"start":{"line":169,"column":4},"end":{"line":173,"column":5}},"89":{"start":{"line":170,"column":6},"end":{"line":170,"column":62}},"90":{"start":{"line":172,"column":6},"end":{"line":172,"column":84}},"91":{"start":{"line":174,"column":4},"end":{"line":181,"column":5}},"92":{"start":{"line":175,"column":6},"end":{"line":177,"column":7}},"93":{"start":{"line":176,"column":8},"end":{"line":176,"column":58}},"94":{"start":{"line":178,"column":6},"end":{"line":180,"column":7}},"95":{"start":{"line":179,"column":8},"end":{"line":179,"column":21}},"96":{"start":{"line":182,"column":4},"end":{"line":182,"column":29}},"97":{"start":{"line":186,"column":2},"end":{"line":213,"column":3}},"98":{"start":{"line":189,"column":4},"end":{"line":197,"column":5}},"99":{"start":{"line":190,"column":6},"end":{"line":190,"column":58}},"100":{"start":{"line":191,"column":6},"end":{"line":193,"column":8}},"101":{"start":{"line":192,"column":8},"end":{"line":192,"column":44}},"102":{"start":{"line":194,"column":6},"end":{"line":196,"column":7}},"103":{"start":{"line":195,"column":8},"end":{"line":195,"column":41}},"104":{"start":{"line":200,"column":4},"end":{"line":203,"column":5}},"105":{"start":{"line":201,"column":6},"end":{"line":201,"column":67}},"106":{"start":{"line":202,"column":6},"end":{"line":202,"column":69}},"107":{"start":{"line":204,"column":4},"end":{"line":204,"column":62}},"108":{"start":{"line":205,"column":4},"end":{"line":211,"column":5}},"109":{"start":{"line":206,"column":6},"end":{"line":206,"column":111}},"110":{"start":{"line":207,"column":11},"end":{"line":211,"column":5}},"111":{"start":{"line":210,"column":6},"end":{"line":210,"column":146}},"112":{"start":{"line":212,"column":4},"end":{"line":212,"column":37}},"113":{"start":{"line":216,"column":2},"end":{"line":223,"column":3}},"114":{"start":{"line":217,"column":4},"end":{"line":219,"column":5}},"115":{"start":{"line":218,"column":6},"end":{"line":218,"column":51}},"116":{"start":{"line":220,"column":4},"end":{"line":221,"column":23}},"117":{"start":{"line":222,"column":4},"end":{"line":222,"column":23}},"118":{"start":{"line":227,"column":2},"end":{"line":238,"column":3}},"119":{"start":{"line":228,"column":4},"end":{"line":230,"column":5}},"120":{"start":{"line":229,"column":6},"end":{"line":229,"column":51}},"121":{"start":{"line":231,"column":4},"end":{"line":232,"column":65}},"122":{"start":{"line":233,"column":4},"end":{"line":237,"column":5}},"123":{"start":{"line":234,"column":6},"end":{"line":234,"column":25}},"124":{"start":{"line":236,"column":6},"end":{"line":236,"column":31}},"125":{"start":{"line":241,"column":2},"end":{"line":250,"column":3}},"126":{"start":{"line":242,"column":4},"end":{"line":242,"column":76}},"127":{"start":{"line":245,"column":4},"end":{"line":245,"column":49}},"128":{"start":{"line":246,"column":4},"end":{"line":248,"column":6}},"129":{"start":{"line":247,"column":6},"end":{"line":247,"column":35}},"130":{"start":{"line":249,"column":4},"end":{"line":249,"column":29}},"131":{"start":{"line":253,"column":2},"end":{"line":253,"column":33}},"132":{"start":{"line":255,"column":2},"end":{"line":260,"column":27}},"133":{"start":{"line":262,"column":2},"end":{"line":262,"column":15}}},"branchMap":{"1":{"line":29,"type":"if","locations":[{"start":{"line":29,"column":2},"end":{"line":29,"column":2}},{"start":{"line":29,"column":2},"end":{"line":29,"column":2}}]},"2":{"line":57,"type":"if","locations":[{"start":{"line":57,"column":4},"end":{"line":57,"column":4}},{"start":{"line":57,"column":4},"end":{"line":57,"column":4}}]},"3":{"line":85,"type":"if","locations":[{"start":{"line":85,"column":4},"end":{"line":85,"column":4}},{"start":{"line":85,"column":4},"end":{"line":85,"column":4}}]},"4":{"line":92,"type":"if","locations":[{"start":{"line":92,"column":8},"end":{"line":92,"column":8}},{"start":{"line":92,"column":8},"end":{"line":92,"column":8}}]},"5":{"line":95,"type":"if","locations":[{"start":{"line":95,"column":10},"end":{"line":95,"column":10}},{"start":{"line":95,"column":10},"end":{"line":95,"column":10}}]},"6":{"line":101,"type":"if","locations":[{"start":{"line":101,"column":15},"end":{"line":101,"column":15}},{"start":{"line":101,"column":15},"end":{"line":101,"column":15}}]},"7":{"line":103,"type":"if","locations":[{"start":{"line":103,"column":10},"end":{"line":103,"column":10}},{"start":{"line":103,"column":10},"end":{"line":103,"column":10}}]},"8":{"line":109,"type":"if","locations":[{"start":{"line":109,"column":6},"end":{"line":109,"column":6}},{"start":{"line":109,"column":6},"end":{"line":109,"column":6}}]},"9":{"line":112,"type":"if","locations":[{"start":{"line":112,"column":8},"end":{"line":112,"column":8}},{"start":{"line":112,"column":8},"end":{"line":112,"column":8}}]},"10":{"line":123,"type":"if","locations":[{"start":{"line":123,"column":8},"end":{"line":123,"column":8}},{"start":{"line":123,"column":8},"end":{"line":123,"column":8}}]},"11":{"line":130,"type":"if","locations":[{"start":{"line":130,"column":4},"end":{"line":130,"column":4}},{"start":{"line":130,"column":4},"end":{"line":130,"column":4}}]},"12":{"line":132,"type":"if","locations":[{"start":{"line":132,"column":6},"end":{"line":132,"column":6}},{"start":{"line":132,"column":6},"end":{"line":132,"column":6}}]},"13":{"line":135,"type":"if","locations":[{"start":{"line":135,"column":6},"end":{"line":135,"column":6}},{"start":{"line":135,"column":6},"end":{"line":135,"column":6}}]},"14":{"line":146,"type":"if","locations":[{"start":{"line":146,"column":6},"end":{"line":146,"column":6}},{"start":{"line":146,"column":6},"end":{"line":146,"column":6}}]},"15":{"line":146,"type":"binary-expr","locations":[{"start":{"line":146,"column":10},"end":{"line":146,"column":28}},{"start":{"line":146,"column":32},"end":{"line":146,"column":43}}]},"16":{"line":155,"type":"if","locations":[{"start":{"line":155,"column":4},"end":{"line":155,"column":4}},{"start":{"line":155,"column":4},"end":{"line":155,"column":4}}]},"17":{"line":162,"type":"if","locations":[{"start":{"line":162,"column":10},"end":{"line":162,"column":10}},{"start":{"line":162,"column":10},"end":{"line":162,"column":10}}]},"18":{"line":162,"type":"binary-expr","locations":[{"start":{"line":162,"column":14},"end":{"line":162,"column":31}},{"start":{"line":162,"column":35},"end":{"line":162,"column":72}}]},"19":{"line":169,"type":"if","locations":[{"start":{"line":169,"column":4},"end":{"line":169,"column":4}},{"start":{"line":169,"column":4},"end":{"line":169,"column":4}}]},"20":{"line":169,"type":"binary-expr","locations":[{"start":{"line":169,"column":8},"end":{"line":169,"column":42}},{"start":{"line":169,"column":46},"end":{"line":169,"column":90}}]},"21":{"line":174,"type":"if","locations":[{"start":{"line":174,"column":4},"end":{"line":174,"column":4}},{"start":{"line":174,"column":4},"end":{"line":174,"column":4}}]},"22":{"line":175,"type":"if","locations":[{"start":{"line":175,"column":6},"end":{"line":175,"column":6}},{"start":{"line":175,"column":6},"end":{"line":175,"column":6}}]},"23":{"line":175,"type":"binary-expr","locations":[{"start":{"line":175,"column":10},"end":{"line":175,"column":34}},{"start":{"line":175,"column":38},"end":{"line":175,"column":73}}]},"24":{"line":178,"type":"if","locations":[{"start":{"line":178,"column":6},"end":{"line":178,"column":6}},{"start":{"line":178,"column":6},"end":{"line":178,"column":6}}]},"25":{"line":189,"type":"if","locations":[{"start":{"line":189,"column":4},"end":{"line":189,"column":4}},{"start":{"line":189,"column":4},"end":{"line":189,"column":4}}]},"26":{"line":190,"type":"binary-expr","locations":[{"start":{"line":190,"column":29},"end":{"line":190,"column":49}},{"start":{"line":190,"column":53},"end":{"line":190,"column":58}}]},"27":{"line":194,"type":"if","locations":[{"start":{"line":194,"column":6},"end":{"line":194,"column":6}},{"start":{"line":194,"column":6},"end":{"line":194,"column":6}}]},"28":{"line":200,"type":"if","locations":[{"start":{"line":200,"column":4},"end":{"line":200,"column":4}},{"start":{"line":200,"column":4},"end":{"line":200,"column":4}}]},"29":{"line":200,"type":"binary-expr","locations":[{"start":{"line":200,"column":8},"end":{"line":200,"column":26}},{"start":{"line":200,"column":30},"end":{"line":200,"column":50}}]},"30":{"line":204,"type":"binary-expr","locations":[{"start":{"line":204,"column":27},"end":{"line":204,"column":57}},{"start":{"line":204,"column":61},"end":{"line":204,"column":62}}]},"31":{"line":205,"type":"if","locations":[{"start":{"line":205,"column":4},"end":{"line":205,"column":4}},{"start":{"line":205,"column":4},"end":{"line":205,"column":4}}]},"32":{"line":207,"type":"if","locations":[{"start":{"line":207,"column":11},"end":{"line":207,"column":11}},{"start":{"line":207,"column":11},"end":{"line":207,"column":11}}]},"33":{"line":233,"type":"if","locations":[{"start":{"line":233,"column":4},"end":{"line":233,"column":4}},{"start":{"line":233,"column":4},"end":{"line":233,"column":4}}]}}},"/Users/therebelrobot/git/opensource/typicode-json-server/src/utils.js":{"path":"/Users/therebelrobot/git/opensource/typicode-json-server/src/utils.js","s":{"1":1,"2":1,"3":1,"4":1,"5":1,"6":33,"7":24,"8":4,"9":20,"10":5,"11":15,"12":6,"13":18,"14":1,"15":2,"16":0,"17":2,"18":3,"19":2,"20":1,"21":1,"22":1,"23":2,"24":2,"25":8,"26":24,"27":64,"28":19,"29":19,"30":19,"31":19,"32":5,"33":2,"34":1},"b":{"1":[24,9],"2":[4,20],"3":[24,23],"4":[5,15],"5":[20,15],"6":[6,9],"7":[0,2],"8":[1,1],"9":[19,45],"10":[19,0],"11":[5,14]},"f":{"1":33,"2":2,"3":3,"4":2,"5":8,"6":24,"7":64},"fnMap":{"1":{"name":"toNative","line":10,"loc":{"start":{"line":10,"column":0},"end":{"line":10,"column":25}}},"2":{"name":"createId","line":24,"loc":{"start":{"line":24,"column":0},"end":{"line":24,"column":24}}},"3":{"name":"(anonymous_3)","line":28,"loc":{"start":{"line":28,"column":25},"end":{"line":28,"column":39}}},"4":{"name":"getRemovable","line":45,"loc":{"start":{"line":45,"column":0},"end":{"line":45,"column":26}}},"5":{"name":"(anonymous_5)","line":48,"loc":{"start":{"line":48,"column":13},"end":{"line":48,"column":38}}},"6":{"name":"(anonymous_6)","line":49,"loc":{"start":{"line":49,"column":17},"end":{"line":49,"column":31}}},"7":{"name":"(anonymous_7)","line":50,"loc":{"start":{"line":50,"column":18},"end":{"line":50,"column":39}}}},"statementMap":{"1":{"start":{"line":1,"column":0},"end":{"line":1,"column":29}},"2":{"start":{"line":2,"column":0},"end":{"line":2,"column":31}},"3":{"start":{"line":3,"column":0},"end":{"line":3,"column":52}},"4":{"start":{"line":4,"column":0},"end":{"line":4,"column":21}},"5":{"start":{"line":10,"column":0},"end":{"line":21,"column":1}},"6":{"start":{"line":11,"column":2},"end":{"line":19,"column":3}},"7":{"start":{"line":12,"column":4},"end":{"line":18,"column":5}},"8":{"start":{"line":13,"column":6},"end":{"line":13,"column":18}},"9":{"start":{"line":14,"column":11},"end":{"line":18,"column":5}},"10":{"start":{"line":15,"column":6},"end":{"line":15,"column":29}},"11":{"start":{"line":16,"column":11},"end":{"line":18,"column":5}},"12":{"start":{"line":17,"column":6},"end":{"line":17,"column":19}},"13":{"start":{"line":20,"column":2},"end":{"line":20,"column":14}},"14":{"start":{"line":24,"column":0},"end":{"line":40,"column":1}},"15":{"start":{"line":25,"column":2},"end":{"line":39,"column":3}},"16":{"start":{"line":26,"column":4},"end":{"line":26,"column":12}},"17":{"start":{"line":28,"column":4},"end":{"line":30,"column":9}},"18":{"start":{"line":29,"column":6},"end":{"line":29,"column":19}},"19":{"start":{"line":32,"column":4},"end":{"line":38,"column":5}},"20":{"start":{"line":34,"column":6},"end":{"line":34,"column":17}},"21":{"start":{"line":37,"column":6},"end":{"line":37,"column":19}},"22":{"start":{"line":45,"column":0},"end":{"line":67,"column":1}},"23":{"start":{"line":46,"column":2},"end":{"line":46,"column":20}},"24":{"start":{"line":48,"column":2},"end":{"line":64,"column":4}},"25":{"start":{"line":49,"column":4},"end":{"line":63,"column":6}},"26":{"start":{"line":50,"column":6},"end":{"line":62,"column":8}},"27":{"start":{"line":51,"column":8},"end":{"line":61,"column":9}},"28":{"start":{"line":52,"column":10},"end":{"line":52,"column":53}},"29":{"start":{"line":54,"column":10},"end":{"line":60,"column":11}},"30":{"start":{"line":56,"column":12},"end":{"line":56,"column":59}},"31":{"start":{"line":57,"column":12},"end":{"line":59,"column":13}},"32":{"start":{"line":58,"column":14},"end":{"line":58,"column":58}},"33":{"start":{"line":66,"column":2},"end":{"line":66,"column":18}},"34":{"start":{"line":69,"column":0},"end":{"line":73,"column":1}}},"branchMap":{"1":{"line":11,"type":"if","locations":[{"start":{"line":11,"column":2},"end":{"line":11,"column":2}},{"start":{"line":11,"column":2},"end":{"line":11,"column":2}}]},"2":{"line":12,"type":"if","locations":[{"start":{"line":12,"column":4},"end":{"line":12,"column":4}},{"start":{"line":12,"column":4},"end":{"line":12,"column":4}}]},"3":{"line":12,"type":"binary-expr","locations":[{"start":{"line":12,"column":8},"end":{"line":12,"column":20}},{"start":{"line":12,"column":24},"end":{"line":12,"column":46}}]},"4":{"line":14,"type":"if","locations":[{"start":{"line":14,"column":11},"end":{"line":14,"column":11}},{"start":{"line":14,"column":11},"end":{"line":14,"column":11}}]},"5":{"line":14,"type":"binary-expr","locations":[{"start":{"line":14,"column":15},"end":{"line":14,"column":31}},{"start":{"line":14,"column":35},"end":{"line":14,"column":52}}]},"6":{"line":16,"type":"if","locations":[{"start":{"line":16,"column":11},"end":{"line":16,"column":11}},{"start":{"line":16,"column":11},"end":{"line":16,"column":11}}]},"7":{"line":25,"type":"if","locations":[{"start":{"line":25,"column":2},"end":{"line":25,"column":2}},{"start":{"line":25,"column":2},"end":{"line":25,"column":2}}]},"8":{"line":32,"type":"if","locations":[{"start":{"line":32,"column":4},"end":{"line":32,"column":4}},{"start":{"line":32,"column":4},"end":{"line":32,"column":4}}]},"9":{"line":51,"type":"if","locations":[{"start":{"line":51,"column":8},"end":{"line":51,"column":8}},{"start":{"line":51,"column":8},"end":{"line":51,"column":8}}]},"10":{"line":54,"type":"if","locations":[{"start":{"line":54,"column":10},"end":{"line":54,"column":10}},{"start":{"line":54,"column":10},"end":{"line":54,"column":10}}]},"11":{"line":57,"type":"if","locations":[{"start":{"line":57,"column":12},"end":{"line":57,"column":12}},{"start":{"line":57,"column":12},"end":{"line":57,"column":12}}]}}}}