TN:
SF:/Users/therebelrobot/git/opensource/typicode-json-server/src/index.js
FN:4,(anonymous_1)
FNF:1
FNH:1
FNDA:29,(anonymous_1)
DA:1,1
DA:3,1
DA:5,29
DA:6,29
DA:7,29
LF:5
LH:5
BRF:0
BRH:0
end_of_record
TN:
SF:/Users/therebelrobot/git/opensource/typicode-json-server/src/defaults.js
FN:11,(anonymous_1)
FNF:1
FNH:1
FNDA:28,(anonymous_1)
DA:1,1
DA:2,1
DA:3,1
DA:4,1
DA:5,1
DA:7,1
DA:10,1
DA:11,28
DA:15,1
DA:16,0
DA:18,1
DA:22,1
DA:24,1
DA:26,0
DA:29,1
LF:15
LH:13
BRDA:15,1,0,0
BRDA:15,1,1,1
BRDA:24,2,0,0
BRDA:24,2,1,1
BRF:4
BRH:2
end_of_record
TN:
SF:/Users/therebelrobot/git/opensource/typicode-json-server/src/router.js
FN:14,(anonymous_1)
FN:40,showDatabase
FN:53,parse
FN:90,(anonymous_4)
FN:154,find
FN:159,(anonymous_6)
FN:186,present
FN:191,(anonymous_8)
FN:216,create
FN:227,update
FN:241,destroy
FN:246,(anonymous_12)
FNF:12
FNH:12
FNDA:29,(anonymous_1)
FNDA:1,showDatabase
FNDA:25,parse
FNDA:10,(anonymous_4)
FNDA:17,find
FNDA:6,(anonymous_6)
FNDA:16,present
FNDA:8,(anonymous_8)
FNDA:2,create
FNDA:4,update
FNDA:1,destroy
FNDA:3,(anonymous_12)
DA:1,1
DA:2,1
DA:3,1
DA:4,1
DA:5,1
DA:6,1
DA:8,1
DA:9,1
DA:10,1
DA:14,1
DA:17,29
DA:20,29
DA:23,29
DA:26,29
DA:29,29
DA:30,29
DA:31,29
DA:33,0
DA:37,29
DA:40,1
DA:41,1
DA:53,1
DA:57,25
DA:58,1
DA:62,24
DA:65,24
DA:68,24
DA:72,24
DA:73,24
DA:74,24
DA:75,24
DA:76,24
DA:77,24
DA:78,24
DA:79,24
DA:80,24
DA:81,24
DA:84,24
DA:85,24
DA:86,12
DA:87,12
DA:88,12
DA:89,12
DA:90,12
DA:91,10
DA:92,10
DA:93,4
DA:94,4
DA:95,4
DA:96,1
DA:98,3
DA:100,4
DA:101,6
DA:102,2
DA:103,2
DA:104,1
DA:106,2
DA:109,12
DA:112,4
DA:113,2
DA:114,2
DA:116,2
DA:117,2
DA:119,4
DA:122,4
DA:123,4
DA:124,2
DA:126,2
DA:130,24
DA:131,10
DA:132,10
DA:133,9
DA:135,10
DA:136,1
DA:142,24
DA:146,4
DA:147,4
DA:150,24
DA:154,1
DA:155,17
DA:158,2
DA:159,2
DA:160,6
DA:161,12
DA:162,12
DA:163,2
DA:167,2
DA:169,15
DA:170,7
DA:172,8
DA:174,15
DA:175,15
DA:176,4
DA:178,15
DA:179,14
DA:182,1
DA:186,1
DA:189,16
DA:190,3
DA:191,3
DA:192,8
DA:194,3
DA:195,2
DA:200,16
DA:201,3
DA:202,3
DA:204,16
DA:205,16
DA:206,2
DA:207,14
DA:210,1
DA:212,16
DA:216,1
DA:217,2
DA:218,5
DA:220,2
DA:222,2
DA:227,1
DA:228,4
DA:229,10
DA:231,4
DA:233,4
DA:234,2
DA:236,2
DA:241,1
DA:242,1
DA:245,1
DA:246,1
DA:247,3
DA:249,1
DA:253,29
DA:255,29
DA:262,29
LF:133
LH:132
BRDA:29,1,0,29
BRDA:29,1,1,0
BRDA:57,2,0,1
BRDA:57,2,1,24
BRDA:85,3,0,12
BRDA:85,3,1,12
BRDA:92,4,0,4
BRDA:92,4,1,6
BRDA:95,5,0,1
BRDA:95,5,1,3
BRDA:101,6,0,2
BRDA:101,6,1,4
BRDA:103,7,0,1
BRDA:103,7,1,1
BRDA:109,8,0,4
BRDA:109,8,1,8
BRDA:112,9,0,2
BRDA:112,9,1,2
BRDA:123,10,0,2
BRDA:123,10,1,2
BRDA:130,11,0,10
BRDA:130,11,1,14
BRDA:132,12,0,9
BRDA:132,12,1,1
BRDA:135,13,0,1
BRDA:135,13,1,9
BRDA:146,14,0,4
BRDA:146,14,1,0
BRDA:146,15,0,4
BRDA:146,15,1,4
BRDA:155,16,0,2
BRDA:155,16,1,15
BRDA:162,17,0,2
BRDA:162,17,1,10
BRDA:162,18,0,12
BRDA:162,18,1,6
BRDA:169,19,0,7
BRDA:169,19,1,8
BRDA:169,20,0,15
BRDA:169,20,1,8
BRDA:174,21,0,15
BRDA:174,21,1,0
BRDA:175,22,0,4
BRDA:175,22,1,11
BRDA:175,23,0,15
BRDA:175,23,1,5
BRDA:178,24,0,14
BRDA:178,24,1,1
BRDA:189,25,0,3
BRDA:189,25,1,13
BRDA:190,26,0,3
BRDA:190,26,1,1
BRDA:194,27,0,2
BRDA:194,27,1,1
BRDA:200,28,0,3
BRDA:200,28,1,13
BRDA:200,29,0,16
BRDA:200,29,1,14
BRDA:204,30,0,16
BRDA:204,30,1,14
BRDA:205,31,0,2
BRDA:205,31,1,14
BRDA:207,32,0,1
BRDA:207,32,1,13
BRDA:233,33,0,2
BRDA:233,33,1,2
BRF:66
BRH:63
end_of_record
TN:
SF:/Users/therebelrobot/git/opensource/typicode-json-server/src/utils.js
FN:10,toNative
FN:24,createId
FN:28,(anonymous_3)
FN:45,getRemovable
FN:48,(anonymous_5)
FN:49,(anonymous_6)
FN:50,(anonymous_7)
FNF:7
FNH:7
FNDA:33,toNative
FNDA:2,createId
FNDA:3,(anonymous_3)
FNDA:2,getRemovable
FNDA:8,(anonymous_5)
FNDA:24,(anonymous_6)
FNDA:64,(anonymous_7)
DA:1,1
DA:2,1
DA:3,1
DA:4,1
DA:10,1
DA:11,33
DA:12,24
DA:13,4
DA:14,20
DA:15,5
DA:16,15
DA:17,6
DA:20,18
DA:24,1
DA:25,2
DA:26,0
DA:28,2
DA:29,3
DA:32,2
DA:34,1
DA:37,1
DA:45,1
DA:46,2
DA:48,2
DA:49,8
DA:50,24
DA:51,64
DA:52,19
DA:54,19
DA:56,19
DA:57,19
DA:58,5
DA:66,2
DA:69,1
LF:34
LH:33
BRDA:11,1,0,24
BRDA:11,1,1,9
BRDA:12,2,0,4
BRDA:12,2,1,20
BRDA:12,3,0,24
BRDA:12,3,1,23
BRDA:14,4,0,5
BRDA:14,4,1,15
BRDA:14,5,0,20
BRDA:14,5,1,15
BRDA:16,6,0,6
BRDA:16,6,1,9
BRDA:25,7,0,0
BRDA:25,7,1,2
BRDA:32,8,0,1
BRDA:32,8,1,1
BRDA:51,9,0,19
BRDA:51,9,1,45
BRDA:54,10,0,19
BRDA:54,10,1,0
BRDA:57,11,0,5
BRDA:57,11,1,14
BRF:22
BRH:20
end_of_record
